<?xml version="1.0" encoding="UTF-8"?>
<coverage generated="1647854209641" clover="3.2.0">
  <project timestamp="1647854209642" name="All files">
    <metrics statements="26" coveredstatements="22" conditionals="3" coveredconditionals="3" methods="10" coveredmethods="7" elements="39" coveredelements="32" complexity="0" loc="26" ncloc="26" packages="4" files="5" classes="5"/>
    <package name="scrollViewProject">
      <metrics statements="9" coveredstatements="7" conditionals="0" coveredconditionals="0" methods="3" coveredmethods="2"/>
      <file name="App.js" path="/home/amaimon/work/udemy_courses/react_native_ztm/react-native-playground/scrollViewProject/App.js">
        <metrics statements="3" coveredstatements="3" conditionals="0" coveredconditionals="0" methods="1" coveredmethods="1"/>
        <line num="5" count="1" type="stmt"/>
        <line num="6" count="2" type="stmt"/>
        <line num="15" count="1" type="stmt"/>
      </file>
      <file name="testUtils.js" path="/home/amaimon/work/udemy_courses/react_native_ztm/react-native-playground/scrollViewProject/testUtils.js">
        <metrics statements="6" coveredstatements="4" conditionals="0" coveredconditionals="0" methods="2" coveredmethods="1"/>
        <line num="2" count="4" type="stmt"/>
        <line num="10" count="4" type="stmt"/>
        <line num="11" count="6" type="stmt"/>
        <line num="20" count="4" type="stmt"/>
        <line num="21" count="0" type="stmt"/>
        <line num="27" count="0" type="stmt"/>
      </file>
    </package>
    <package name="scrollViewProject.components.carousel">
      <metrics statements="9" coveredstatements="8" conditionals="3" coveredconditionals="3" methods="2" coveredmethods="1"/>
      <file name="Carousel.js" path="/home/amaimon/work/udemy_courses/react_native_ztm/react-native-playground/scrollViewProject/components/carousel/Carousel.js">
        <metrics statements="9" coveredstatements="8" conditionals="3" coveredconditionals="3" methods="2" coveredmethods="1"/>
        <line num="17" count="2" type="stmt"/>
        <line num="21" count="2" type="cond" truecount="1" falsecount="0"/>
        <line num="22" count="6" type="stmt"/>
        <line num="23" count="6" type="stmt"/>
        <line num="24" count="0" type="stmt"/>
        <line num="30" count="6" type="stmt"/>
        <line num="32" count="6" type="stmt"/>
        <line num="34" count="6" type="stmt"/>
        <line num="58" count="2" type="stmt"/>
      </file>
    </package>
    <package name="scrollViewProject.components.carousel.carouselController">
      <metrics statements="5" coveredstatements="4" conditionals="0" coveredconditionals="0" methods="3" coveredmethods="2"/>
      <file name="CarouselController.js" path="/home/amaimon/work/udemy_courses/react_native_ztm/react-native-playground/scrollViewProject/components/carousel/carouselController/CarouselController.js">
        <metrics statements="5" coveredstatements="4" conditionals="0" coveredconditionals="0" methods="3" coveredmethods="2"/>
        <line num="3" count="3" type="stmt"/>
        <line num="10" count="4" type="stmt"/>
        <line num="13" count="12" type="stmt"/>
        <line num="22" count="12" type="stmt"/>
        <line num="25" count="0" type="stmt"/>
      </file>
    </package>
    <package name="scrollViewProject.components.carousel.carouselItem">
      <metrics statements="3" coveredstatements="3" conditionals="0" coveredconditionals="0" methods="2" coveredmethods="2"/>
      <file name="CarouselItem.js" path="/home/amaimon/work/udemy_courses/react_native_ztm/react-native-playground/scrollViewProject/components/carousel/carouselItem/CarouselItem.js">
        <metrics statements="3" coveredstatements="3" conditionals="0" coveredconditionals="0" methods="2" coveredmethods="2"/>
        <line num="3" count="3" type="stmt"/>
        <line num="10" count="4" type="stmt"/>
        <line num="31" count="12" type="stmt"/>
      </file>
    </package>
  </project>
</coverage>
