{"/home/amaimon/work/udemy_courses/react_native_ztm/react-native-playground/scrollViewProject/App.js": {"path":"/home/amaimon/work/udemy_courses/react_native_ztm/react-native-playground/scrollViewProject/App.js","statementMap":{"0":{"start":{"line":5,"column":12},"end":{"line":11,"column":1}},"1":{"start":{"line":6,"column":2},"end":{"line":10,"column":4}},"2":{"start":{"line":15,"column":15},"end":{"line":21,"column":2}}},"fnMap":{"0":{"name":"(anonymous_0)","decl":{"start":{"line":5,"column":12},"end":{"line":5,"column":13}},"loc":{"start":{"line":5,"column":18},"end":{"line":11,"column":1}},"line":5}},"branchMap":{},"s":{"0":1,"1":2,"2":1},"f":{"0":2},"b":{},"_coverageSchema":"1a1c01bbd47fc00a2c39e90264f33305004495a9","hash":"4680ef78d6f64e68eb7d79fc56076c397bd7041e"}
,"/home/amaimon/work/udemy_courses/react_native_ztm/react-native-playground/scrollViewProject/testUtils.js": {"path":"/home/amaimon/work/udemy_courses/react_native_ztm/react-native-playground/scrollViewProject/testUtils.js","statementMap":{"0":{"start":{"line":2,"column":25},"end":{"line":2,"column":34}},"1":{"start":{"line":10,"column":30},"end":{"line":12,"column":1}},"2":{"start":{"line":11,"column":2},"end":{"line":11,"column":46}},"3":{"start":{"line":20,"column":26},"end":{"line":28,"column":1}},"4":{"start":{"line":21,"column":20},"end":{"line":26,"column":3}},"5":{"start":{"line":27,"column":2},"end":{"line":27,"column":36}}},"fnMap":{"0":{"name":"(anonymous_0)","decl":{"start":{"line":10,"column":30},"end":{"line":10,"column":31}},"loc":{"start":{"line":10,"column":48},"end":{"line":12,"column":1}},"line":10},"1":{"name":"(anonymous_1)","decl":{"start":{"line":20,"column":26},"end":{"line":20,"column":27}},"loc":{"start":{"line":20,"column":58},"end":{"line":28,"column":1}},"line":20}},"branchMap":{},"s":{"0":4,"1":4,"2":6,"3":4,"4":0,"5":0},"f":{"0":6,"1":0},"b":{},"_coverageSchema":"1a1c01bbd47fc00a2c39e90264f33305004495a9","hash":"ff3d63d7b78de57f5e984a86c4673124a83fc43b"}
,"/home/amaimon/work/udemy_courses/react_native_ztm/react-native-playground/scrollViewProject/components/carousel/Carousel.js": {"path":"/home/amaimon/work/udemy_courses/react_native_ztm/react-native-playground/scrollViewProject/components/carousel/Carousel.js","statementMap":{"0":{"start":{"line":17,"column":15},"end":{"line":19,"column":1}},"1":{"start":{"line":21,"column":24},"end":{"line":56,"column":1}},"2":{"start":{"line":22,"column":24},"end":{"line":22,"column":32}},"3":{"start":{"line":23,"column":24},"end":{"line":29,"column":3}},"4":{"start":{"line":24,"column":4},"end":{"line":28,"column":7}},"5":{"start":{"line":30,"column":18},"end":{"line":30,"column":55}},"6":{"start":{"line":32,"column":31},"end":{"line":32,"column":52}},"7":{"start":{"line":34,"column":2},"end":{"line":55,"column":4}},"8":{"start":{"line":58,"column":15},"end":{"line":101,"column":2}}},"fnMap":{"0":{"name":"(anonymous_0)","decl":{"start":{"line":21,"column":24},"end":{"line":21,"column":25}},"loc":{"start":{"line":21,"column":54},"end":{"line":56,"column":1}},"line":21},"1":{"name":"(anonymous_1)","decl":{"start":{"line":23,"column":24},"end":{"line":23,"column":25}},"loc":{"start":{"line":23,"column":38},"end":{"line":29,"column":3}},"line":23}},"branchMap":{"0":{"loc":{"start":{"line":21,"column":26},"end":{"line":21,"column":48}},"type":"default-arg","locations":[{"start":{"line":21,"column":44},"end":{"line":21,"column":48}}],"line":21},"1":{"loc":{"start":{"line":44,"column":9},"end":{"line":52,"column":9}},"type":"binary-expr","locations":[{"start":{"line":44,"column":9},"end":{"line":44,"column":24}},{"start":{"line":45,"column":10},"end":{"line":51,"column":12}}],"line":44}},"s":{"0":2,"1":2,"2":6,"3":6,"4":0,"5":6,"6":6,"7":6,"8":2},"f":{"0":6,"1":0},"b":{"0":[6],"1":[6,6]},"_coverageSchema":"1a1c01bbd47fc00a2c39e90264f33305004495a9","hash":"9863a6b49ba11909764fbd142a983fa0c39f47d0"}
,"/home/amaimon/work/udemy_courses/react_native_ztm/react-native-playground/scrollViewProject/components/carousel/carouselController/CarouselController.js": {"path":"/home/amaimon/work/udemy_courses/react_native_ztm/react-native-playground/scrollViewProject/components/carousel/carouselController/CarouselController.js","statementMap":{"0":{"start":{"line":3,"column":34},"end":{"line":36,"column":1}},"1":{"start":{"line":10,"column":2},"end":{"line":35,"column":4}},"2":{"start":{"line":13,"column":22},"end":{"line":21,"column":10}},"3":{"start":{"line":22,"column":8},"end":{"line":32,"column":10}},"4":{"start":{"line":25,"column":27},"end":{"line":25,"column":52}}},"fnMap":{"0":{"name":"(anonymous_0)","decl":{"start":{"line":3,"column":34},"end":{"line":3,"column":35}},"loc":{"start":{"line":9,"column":6},"end":{"line":36,"column":1}},"line":9},"1":{"name":"(anonymous_1)","decl":{"start":{"line":12,"column":18},"end":{"line":12,"column":19}},"loc":{"start":{"line":12,"column":41},"end":{"line":33,"column":7}},"line":12},"2":{"name":"(anonymous_2)","decl":{"start":{"line":25,"column":21},"end":{"line":25,"column":22}},"loc":{"start":{"line":25,"column":27},"end":{"line":25,"column":52}},"line":25}},"branchMap":{},"s":{"0":3,"1":4,"2":12,"3":12,"4":0},"f":{"0":4,"1":12,"2":0},"b":{},"_coverageSchema":"1a1c01bbd47fc00a2c39e90264f33305004495a9","hash":"aae621475bfb5de158f078c28fcdbbd40dd08cc3"}
,"/home/amaimon/work/udemy_courses/react_native_ztm/react-native-playground/scrollViewProject/components/carousel/carouselItem/CarouselItem.js": {"path":"/home/amaimon/work/udemy_courses/react_native_ztm/react-native-playground/scrollViewProject/components/carousel/carouselItem/CarouselItem.js","statementMap":{"0":{"start":{"line":3,"column":28},"end":{"line":43,"column":1}},"1":{"start":{"line":10,"column":2},"end":{"line":42,"column":4}},"2":{"start":{"line":31,"column":8},"end":{"line":39,"column":10}}},"fnMap":{"0":{"name":"(anonymous_0)","decl":{"start":{"line":3,"column":28},"end":{"line":3,"column":29}},"loc":{"start":{"line":9,"column":6},"end":{"line":43,"column":1}},"line":9},"1":{"name":"(anonymous_1)","decl":{"start":{"line":30,"column":18},"end":{"line":30,"column":19}},"loc":{"start":{"line":30,"column":41},"end":{"line":40,"column":7}},"line":30}},"branchMap":{},"s":{"0":3,"1":4,"2":12},"f":{"0":4,"1":12},"b":{},"_coverageSchema":"1a1c01bbd47fc00a2c39e90264f33305004495a9","hash":"487886f07b408e18d11e4ad412c7872e1c1bc0c5"}
}
