TN:
SF:App.js
FN:5,(anonymous_0)
FNF:1
FNH:1
FNDA:2,(anonymous_0)
DA:5,1
DA:6,2
DA:15,1
LF:3
LH:3
BRF:0
BRH:0
end_of_record
TN:
SF:testUtils.js
FN:10,(anonymous_0)
FN:20,(anonymous_1)
FNF:2
FNH:1
FNDA:6,(anonymous_0)
FNDA:0,(anonymous_1)
DA:2,4
DA:10,4
DA:11,6
DA:20,4
DA:21,0
DA:27,0
LF:6
LH:4
BRF:0
BRH:0
end_of_record
TN:
SF:components/carousel/Carousel.js
FN:21,(anonymous_0)
FN:23,(anonymous_1)
FNF:2
FNH:1
FNDA:6,(anonymous_0)
FNDA:0,(anonymous_1)
DA:17,2
DA:21,2
DA:22,6
DA:23,6
DA:24,0
DA:30,6
DA:32,6
DA:34,6
DA:58,2
LF:9
LH:8
BRDA:21,0,0,6
BRDA:44,1,0,6
BRDA:44,1,1,6
BRF:3
BRH:3
end_of_record
TN:
SF:components/carousel/carouselController/CarouselController.js
FN:3,(anonymous_0)
FN:12,(anonymous_1)
FN:25,(anonymous_2)
FNF:3
FNH:2
FNDA:4,(anonymous_0)
FNDA:12,(anonymous_1)
FNDA:0,(anonymous_2)
DA:3,3
DA:10,4
DA:13,12
DA:22,12
DA:25,0
LF:5
LH:4
BRF:0
BRH:0
end_of_record
TN:
SF:components/carousel/carouselItem/CarouselItem.js
FN:3,(anonymous_0)
FN:30,(anonymous_1)
FNF:2
FNH:2
FNDA:4,(anonymous_0)
FNDA:12,(anonymous_1)
DA:3,3
DA:10,4
DA:31,12
LF:3
LH:3
BRF:0
BRH:0
end_of_record
